2025-12-04 14:41:20 | INFO | Successful login: panda from 127.0.0.1
2025-12-04 14:41:29 | INFO | Excel exported by panda: Laporan_Tamu_2025-12-04.xlsx
2025-12-04 14:45:16 | INFO | Successful login: panda from 127.0.0.1
2025-12-04 14:45:57 | INFO | Excel exported by panda: Laporan_Tamu_2025-12-04.xlsx
2025-12-04 15:16:29 | INFO | Successful login: panda from 127.0.0.1
2025-12-04 15:42:42 | INFO | Successful login: panda from 127.0.0.1
2025-12-04 15:43:10 | INFO | Successful login: panda from 127.0.0.1
2025-12-04 15:47:31 | INFO | Check-in: Sandi  (NIK: 12345)
2025-12-04 15:47:48 | INFO | Successful login: panda from 127.0.0.1
2025-12-04 15:50:10 | INFO | Check-in: Zeta (NIK: 139201)
2025-12-04 15:50:41 | INFO | Check-in: ijan (NIK: 88888)
2025-12-04 15:50:53 | INFO | Check-in: Hatsune Miku (NIK: 99999)
2025-12-04 15:51:02 | INFO | Check-out: Hatsune Miku (NIK: 99999)
2025-12-04 16:02:14 | INFO | Successful login: panda from 127.0.0.1
2025-12-04 16:02:38 | INFO | Check-out: ijan (NIK: 88888)
2025-12-04 16:03:02 | INFO | Check-out: Zeta (NIK: 139201)
2025-12-04 16:03:16 | INFO | Check-out: Sandi  (NIK: 12345)
2025-12-04 20:11:09 | INFO | Successful login: panda from 127.0.0.1
2025-12-05 09:40:20 | INFO | Successful login: panda from 127.0.0.1
2025-12-05 09:45:40 | WARNING | Failed login attempt for user 'admin' from 127.0.0.1
2025-12-05 09:46:23 | WARNING | Failed login attempt for user 'adminadmin' from 127.0.0.1
2025-12-05 09:47:07 | INFO | Successful login: panda from 127.0.0.1
2025-12-05 10:06:12 | INFO | File uploaded successfully: 0458f3b7-5247-4fbf-8692-331b068b53a0.jpg
2025-12-05 10:06:12 | INFO | New visitor registered: Zeta (NIK: 77777) by panda
2025-12-05 10:06:30 | INFO | Check-in: Zeta (NIK: 77777)
2025-12-05 10:07:18 | INFO | File uploaded successfully: 11816cd2-bb60-49f2-8955-21d8860abbea.png
2025-12-05 10:07:18 | INFO | New visitor registered: meiko (NIK: 12345) by panda
2025-12-05 10:07:32 | INFO | Check-in: meiko (NIK: 12345)
2025-12-05 10:21:48 | INFO | Check-out: Zeta (NIK: 77777)
2025-12-05 10:21:58 | INFO | Check-out: meiko (NIK: 12345)
2025-12-05 10:25:26 | INFO | Check-in: meiko (NIK: 12345)
2025-12-05 10:25:57 | INFO | Check-out: meiko (NIK: 12345)
2025-12-06 08:50:54 | INFO | Successful login: panda from 127.0.0.1
2025-12-06 08:58:08 | INFO | Stats requested by panda: 0 total, 0 active
2025-12-06 08:59:39 | INFO | Successful login: panda from 127.0.0.1
2025-12-06 08:59:42 | INFO | Stats requested by panda: 0 total, 0 active
2025-12-06 08:59:45 | INFO | Stats requested by panda: 0 total, 0 active
2025-12-06 09:01:13 | INFO | Check-in: meiko (NIK: 12345)
2025-12-06 09:01:16 | INFO | Stats requested by panda: 1 total, 1 active
2025-12-06 09:01:42 | INFO | Check-in: Zeta (NIK: 77777)
2025-12-06 09:01:49 | INFO | Stats requested by panda: 2 total, 2 active
2025-12-06 09:01:49 | INFO | Stats requested by panda: 2 total, 2 active
2025-12-06 09:02:53 | INFO | Excel exported by panda: Laporan_Tamu_2025-12-06.xlsx
2025-12-06 09:03:13 | INFO | Stats requested by panda: 2 total, 2 active
2025-12-06 09:03:13 | INFO | Stats requested by panda: 2 total, 2 active
2025-12-06 09:03:17 | INFO | Stats requested by panda: 2 total, 2 active
2025-12-06 09:03:17 | INFO | Stats requested by panda: 2 total, 2 active
2025-12-06 09:03:41 | INFO | Check-out: Zeta (NIK: 77777)
2025-12-06 09:03:45 | INFO | Stats requested by panda: 2 total, 1 active
2025-12-06 09:03:56 | INFO | Check-out: meiko (NIK: 12345)
2025-12-06 09:03:58 | INFO | Stats requested by panda: 2 total, 0 active
2025-12-06 09:06:10 | INFO | Stats requested by panda: 2 total, 0 active
2025-12-06 09:06:10 | INFO | Stats requested by panda: 2 total, 0 active
2025-12-06 09:10:34 | INFO | Stats requested by panda: 2 total, 0 active
2025-12-06 09:10:35 | INFO | Stats requested by panda: 2 total, 0 active
2025-12-06 09:10:43 | INFO | Check-in: meiko (NIK: 12345)
2025-12-06 09:10:49 | INFO | Stats requested by panda: 3 total, 1 active
2025-12-06 09:10:49 | INFO | Stats requested by panda: 3 total, 1 active
2025-12-06 09:12:43 | INFO | File uploaded successfully: 77835b47-d7bd-4d04-9e87-036d357e6bb3.jpg
2025-12-06 09:12:43 | INFO | New visitor registered: Meiko (NIK: 99999) by panda
2025-12-06 09:12:57 | INFO | Check-in: Meiko (NIK: 99999)
2025-12-06 09:12:59 | INFO | Stats requested by panda: 4 total, 2 active
2025-12-06 09:12:59 | INFO | Stats requested by panda: 4 total, 2 active
2025-12-06 09:24:33 | INFO | Check-out: Meiko (NIK: 99999)
2025-12-06 09:26:31 | INFO | Stats requested by panda: 4 total, 1 active
2025-12-06 09:26:31 | INFO | Stats requested by panda: 4 total, 1 active
2025-12-06 09:26:56 | INFO | Stats requested by panda: 4 total, 1 active
2025-12-06 09:26:56 | INFO | Stats requested by panda: 4 total, 1 active
2025-12-06 09:27:42 | INFO | Check-out: meiko (NIK: 12345)
2025-12-06 09:27:47 | INFO | Stats requested by panda: 4 total, 0 active
2025-12-06 09:31:51 | INFO | Check-in: meiko (NIK: 12345)
2025-12-06 09:32:05 | INFO | Check-out: meiko (NIK: 12345)
2025-12-06 09:32:11 | INFO | Stats requested by panda: 5 total, 0 active
2025-12-06 09:32:11 | INFO | Stats requested by panda: 5 total, 0 active
2025-12-06 09:36:56 | INFO | Stats requested by panda: 5 total, 0 active
2025-12-06 09:44:29 | INFO | Stats requested by panda: 5 total, 0 active
2025-12-06 09:44:29 | INFO | Stats requested by panda: 5 total, 0 active
2025-12-06 09:49:31 | INFO | Stats requested by panda: 5 total, 0 active
2025-12-06 09:49:31 | INFO | Stats requested by panda: 5 total, 0 active
2025-12-06 09:52:27 | INFO | Successful login: panda from 127.0.0.1
2025-12-06 09:52:28 | INFO | Stats requested by panda: 5 total, 0 active
2025-12-06 09:52:28 | INFO | Stats requested by panda: 5 total, 0 active
2025-12-06 09:59:19 | INFO | Stats requested by panda: 5 total, 0 active
2025-12-06 09:59:20 | INFO | Stats requested by panda: 5 total, 0 active
2025-12-06 10:01:31 | INFO | Stats requested by panda: 5 total, 0 active
2025-12-06 10:01:31 | INFO | Stats requested by panda: 5 total, 0 active
2025-12-06 10:01:43 | WARNING | Failed login attempt for user 'panda' from 127.0.0.1
2025-12-06 10:01:55 | INFO | Successful login: panda from 127.0.0.1
2025-12-06 10:01:55 | INFO | Stats requested by panda: 5 total, 0 active
2025-12-06 10:01:55 | INFO | Stats requested by panda: 5 total, 0 active
2025-12-06 10:05:10 | INFO | File uploaded successfully: ae52fae9-3711-4070-8ed2-f37efd393a81.png
2025-12-06 10:05:10 | INFO | New visitor registered: Yuki Kahiraa (NIK: 123456789) by panda
2025-12-06 10:06:19 | INFO | Stats requested by panda: 5 total, 0 active
2025-12-06 10:06:19 | INFO | Stats requested by panda: 5 total, 0 active
2025-12-06 10:06:22 | INFO | Check-in: Yuki Kahiraa (NIK: 123456789)
2025-12-06 10:06:29 | INFO | Stats requested by panda: 6 total, 1 active
2025-12-06 10:06:29 | INFO | Stats requested by panda: 6 total, 1 active
2025-12-06 10:07:50 | INFO | Successful login: panda from 127.0.0.1
2025-12-06 10:07:51 | INFO | Stats requested by panda: 6 total, 1 active
2025-12-06 10:07:51 | INFO | Stats requested by panda: 6 total, 1 active
2025-12-06 10:08:00 | INFO | Stats requested by panda: 6 total, 1 active
2025-12-06 10:08:01 | INFO | Stats requested by panda: 6 total, 1 active
2025-12-06 10:08:19 | INFO | Check-out: Yuki Kahiraa (NIK: 123456789)
2025-12-06 10:08:24 | INFO | Stats requested by panda: 6 total, 0 active
2025-12-06 10:08:24 | INFO | Stats requested by panda: 6 total, 0 active
2025-12-06 10:10:20 | INFO | Stats requested by panda: 6 total, 0 active
2025-12-06 10:10:20 | INFO | Stats requested by panda: 6 total, 0 active
2025-12-06 10:10:43 | INFO | Stats requested by panda: 6 total, 0 active
2025-12-06 10:10:43 | INFO | Stats requested by panda: 6 total, 0 active
2025-12-06 10:11:56 | INFO | Stats requested by panda: 6 total, 0 active
2025-12-06 10:11:56 | INFO | Stats requested by panda: 6 total, 0 active
2025-12-06 10:11:58 | INFO | Stats requested by panda: 6 total, 0 active
2025-12-06 10:11:59 | INFO | Stats requested by panda: 6 total, 0 active
2025-12-06 10:12:01 | INFO | Stats requested by panda: 6 total, 0 active
2025-12-06 10:12:01 | INFO | Stats requested by panda: 6 total, 0 active
2025-12-06 10:14:12 | INFO | Stats requested by panda: 6 total, 0 active
2025-12-06 10:14:13 | INFO | Stats requested by panda: 6 total, 0 active
2025-12-06 10:15:30 | INFO | Successful login: panda from 127.0.0.1
2025-12-06 10:15:31 | INFO | Stats requested by panda: 6 total, 0 active
2025-12-06 10:15:31 | INFO | Stats requested by panda: 6 total, 0 active
2025-12-06 10:15:42 | INFO | Stats requested by panda: 6 total, 0 active
2025-12-06 10:15:42 | INFO | Stats requested by panda: 6 total, 0 active
2025-12-06 10:17:21 | INFO | Stats requested by panda: 6 total, 0 active
2025-12-06 10:17:21 | INFO | Stats requested by panda: 6 total, 0 active
2025-12-06 10:17:25 | INFO | Stats requested by panda: 6 total, 0 active
2025-12-06 10:17:25 | INFO | Stats requested by panda: 6 total, 0 active
2025-12-06 10:18:19 | INFO | Stats requested by panda: 6 total, 0 active
2025-12-06 10:18:19 | INFO | Stats requested by panda: 6 total, 0 active
2025-12-06 10:18:25 | INFO | Stats requested by panda: 6 total, 0 active
2025-12-06 10:18:25 | INFO | Stats requested by panda: 6 total, 0 active
2025-12-06 10:27:48 | INFO | Successful login: panda from 127.0.0.1
2025-12-06 10:27:49 | INFO | Stats requested by panda: 6 total, 0 active
2025-12-06 10:27:49 | INFO | Stats requested by panda: 6 total, 0 active
2025-12-06 10:39:40 | INFO | Stats requested by panda: 6 total, 0 active
2025-12-06 10:39:41 | INFO | Stats requested by panda: 6 total, 0 active
2025-12-06 10:39:48 | INFO | Stats requested by panda: 6 total, 0 active
2025-12-06 10:39:48 | INFO | Stats requested by panda: 6 total, 0 active
2025-12-06 10:50:15 | INFO | Excel exported by panda: Laporan_Tamu_2025-12-06.xlsx
2025-12-06 10:50:53 | INFO | Stats requested by panda: 6 total, 0 active
2025-12-06 10:50:53 | INFO | Stats requested by panda: 6 total, 0 active
2025-12-06 10:57:11 | INFO | Stats requested by panda: 6 total, 0 active
2025-12-06 10:57:14 | INFO | Stats requested by panda: 6 total, 0 active
2025-12-06 10:57:16 | INFO | Stats requested by panda: 6 total, 0 active
2025-12-06 10:57:17 | INFO | Stats requested by panda: 6 total, 0 active
2025-12-06 10:57:26 | INFO | Stats requested by panda: 6 total, 0 active
2025-12-06 10:57:26 | INFO | Stats requested by panda: 6 total, 0 active
2025-12-06 11:11:27 | INFO | Successful login: panda from 127.0.0.1
2025-12-06 11:16:51 | INFO | Check-in: meiko (NIK: 12345)
2025-12-06 11:16:55 | INFO | Check-out: meiko (NIK: 12345)
2025-12-06 11:24:00 | INFO | Successful login: panda from 127.0.0.1
2025-12-06 11:28:04 | INFO | Successful login: panda from 127.0.0.1
2025-12-06 12:46:41 | INFO | Successful login: panda from 127.0.0.1
2025-12-06 12:46:43 | INFO | Excel exported by panda: Laporan_Tamu_2025-12-06.xlsx
2025-12-06 12:46:43 | ERROR | Error exporting Excel: name 'background_tasks' is not defined
2025-12-06 12:46:45 | INFO | Excel exported by panda: Laporan_Tamu_2025-12-06.xlsx
2025-12-06 12:46:45 | ERROR | Error exporting Excel: name 'background_tasks' is not defined
2025-12-06 12:47:06 | INFO | Excel exported by panda: Laporan_Tamu_2025-12-06.xlsx
2025-12-06 12:47:06 | ERROR | Error exporting Excel: name 'background_tasks' is not defined
2025-12-06 12:50:14 | INFO | Excel exported by panda: Laporan_Tamu_2025-12-06.xlsx
2025-12-06 12:50:14 | INFO | Cleaned up Excel file: backups/Laporan_Tamu_2025-12-06.xlsx
2025-12-06 13:13:22 | INFO | File access: ae52fae9-3711-4070-8ed2-f37efd393a81.png by admin panda
2025-12-06 13:13:22 | INFO | File access: 77835b47-d7bd-4d04-9e87-036d357e6bb3.jpg by admin panda
2025-12-06 13:15:52 | INFO | File uploaded successfully: c5c4c7c9-a3bf-4b94-84dc-b673878d22b7.jpg
2025-12-06 13:15:52 | INFO | New visitor registered: Meiko Yuri (NIK: 139201) by panda
2025-12-06 13:16:13 | INFO | Check-in: Meiko Yuri (NIK: 139201)
2025-12-06 13:16:16 | INFO | File access: c5c4c7c9-a3bf-4b94-84dc-b673878d22b7.jpg by admin panda
2025-12-06 13:17:36 | INFO | File uploaded successfully: 2839d959-3e24-44c8-bb4a-6be9362ea0af.jpg
2025-12-06 13:17:36 | INFO | New visitor registered: Miku Chan (NIK: 12345) by panda
2025-12-06 13:17:46 | INFO | Check-in: Miku Chan (NIK: 12345)
2025-12-06 13:17:51 | INFO | File access: 2839d959-3e24-44c8-bb4a-6be9362ea0af.jpg by admin panda
2025-12-06 13:18:16 | INFO | Check-out: Meiko Yuri (NIK: 139201)
2025-12-06 13:19:20 | INFO | Check-out: Miku Chan (NIK: 12345)
2025-12-06 13:19:46 | INFO | Excel exported by panda: Laporan_Tamu_2025-12-06.xlsx
2025-12-06 13:19:46 | INFO | Cleaned up Excel file: backups/Laporan_Tamu_2025-12-06.xlsx
2025-12-06 21:06:41 | INFO | Successful login: panda from 127.0.0.1
2025-12-06 21:06:42 | INFO | File access: 2839d959-3e24-44c8-bb4a-6be9362ea0af.jpg by admin panda
2025-12-06 21:06:42 | INFO | File access: c5c4c7c9-a3bf-4b94-84dc-b673878d22b7.jpg by admin panda
2025-12-06 21:06:48 | INFO | Excel exported by panda: Laporan_Tamu_2025-12-06.xlsx
2025-12-06 21:06:48 | INFO | Cleaned up Excel file: backups\Laporan_Tamu_2025-12-06.xlsx
2025-12-06 21:08:18 | INFO | Check-in: Miku Chan (NIK: 12345) at 2025-12-06 21:08:18 WIB
2025-12-06 21:08:26 | INFO | Check-out: Miku Chan (NIK: 12345) at 2025-12-06 21:08:26 WIB
2025-12-06 21:30:17 | INFO | Successful login: panda from 127.0.0.1
2025-12-06 21:30:45 | INFO | Check-in: Miku Chan (NIK: 12345) at 2025-12-06 21:30:45 WIB
2025-12-06 21:31:21 | INFO | Check-out: Miku Chan (NIK: 12345) at 2025-12-06 21:31:21 WIB
2025-12-06 21:32:04 | INFO | Check-in: Miku Chan (NIK: 12345) at 2025-12-06 21:32:04 WIB
2025-12-06 21:32:17 | INFO | Check-out: Miku Chan (NIK: 12345) at 2025-12-06 21:32:17 WIB
2025-12-06 21:35:04 | INFO | Check-in: Meiko Yuri (NIK: 139201) at 2025-12-06 21:35:04 WIB
2025-12-06 21:48:49 | INFO | Check-out: Meiko Yuri (NIK: 139201) at 2025-12-06 21:48:49 WIB
2025-12-07 09:31:52 | INFO | Successful login: sandi from 127.0.0.1
2025-12-07 09:31:54 | INFO | File access: c5c4c7c9-a3bf-4b94-84dc-b673878d22b7.jpg by admin sandi
2025-12-07 09:31:54 | INFO | File access: 2839d959-3e24-44c8-bb4a-6be9362ea0af.jpg by admin sandi
2025-12-07 09:33:26 | INFO | Successful login: panda from 127.0.0.1
2025-12-07 16:27:01 | ERROR | Health check failed: Textual SQL expression 'SELECT 1' should be explicitly declared as text('SELECT 1')
2025-12-07 16:28:03 | ERROR | Health check failed: Textual SQL expression 'SELECT 1' should be explicitly declared as text('SELECT 1')
2025-12-07 16:43:41 | INFO | Successful login: panda from 127.0.0.1
2025-12-07 16:43:43 | INFO | File access: c5c4c7c9-a3bf-4b94-84dc-b673878d22b7.jpg by admin panda
2025-12-07 16:43:43 | INFO | File access: 2839d959-3e24-44c8-bb4a-6be9362ea0af.jpg by admin panda
2025-12-07 17:28:46 | INFO | Check-in: Miku Chan (NIK: 12345) at 2025-12-07 17:28:46 WIB
2025-12-07 17:39:40 | INFO | Check-out: Miku Chan (NIK: 12345) at 2025-12-07 17:39:40 WIB
2025-12-07 17:44:24 | INFO | Check-in: Miku Chan (NIK: 12345) at 2025-12-07 17:44:24 WIB
2025-12-07 17:44:42 | INFO | Check-out: Miku Chan (NIK: 12345) at 2025-12-07 17:44:42 WIB
2025-12-07 18:02:41 | INFO | Successful login: panda from 127.0.0.1
2025-12-07 18:02:41 | INFO | File access: 2839d959-3e24-44c8-bb4a-6be9362ea0af.jpg by admin panda
2025-12-07 18:02:41 | INFO | File access: c5c4c7c9-a3bf-4b94-84dc-b673878d22b7.jpg by admin panda
2025-12-07 18:49:11 | INFO | Check-in: Miku Chan (NIK: 12345) at 2025-12-07 18:49:11 WIB
2025-12-07 18:49:34 | INFO | Successful login: panda from 127.0.0.1
2025-12-07 18:50:10 | INFO | Check-out: Miku Chan (NIK: 12345) at 2025-12-07 18:50:10 WIB
2025-12-07 20:15:03 | INFO | Successful login: panda from 127.0.0.1
2025-12-07 20:15:04 | INFO | File access: c5c4c7c9-a3bf-4b94-84dc-b673878d22b7.jpg by admin panda
2025-12-07 20:15:04 | INFO | File access: 2839d959-3e24-44c8-bb4a-6be9362ea0af.jpg by admin panda
2025-12-07 20:15:43 | INFO | Check-in: Miku Chan (NIK: 12345) at 2025-12-07 20:15:43 WIB
2025-12-07 20:29:02 | INFO | Check-out: Miku Chan (NIK: 12345) at 2025-12-07 20:29:02 WIB
2025-12-07 21:51:50 | WARNING | Failed login attempt for user 'panda' from 127.0.0.1
2025-12-07 21:51:58 | INFO | Successful login: panda from 127.0.0.1
2025-12-07 21:51:59 | INFO | File access: 2839d959-3e24-44c8-bb4a-6be9362ea0af.jpg by admin panda
2025-12-07 21:51:59 | INFO | File access: c5c4c7c9-a3bf-4b94-84dc-b673878d22b7.jpg by admin panda
2025-12-07 21:52:22 | INFO | Successful login: panda from 127.0.0.1
2025-12-07 21:56:17 | INFO | Successful login: panda from 127.0.0.1
2025-12-07 22:47:17 | INFO | Successful login: panda from 127.0.0.1
2025-12-07 22:53:53 | INFO | File access: 2839d959-3e24-44c8-bb4a-6be9362ea0af.jpg by admin panda
2025-12-07 22:53:53 | INFO | File access: c5c4c7c9-a3bf-4b94-84dc-b673878d22b7.jpg by admin panda
2025-12-07 23:12:16 | INFO | Successful login: panda from 127.0.0.1
2025-12-07 23:16:19 | INFO | Successful login: panda from 127.0.0.1
2025-12-07 23:16:40 | INFO | Check-in: Hana Mahcia (NIK: 12345) at 2025-12-07 23:16:40 WIB
2025-12-07 23:20:34 | INFO | Check-out: Hana Mahcia (NIK: 12345) at 2025-12-07 23:20:34 WIB
2025-12-07 23:20:57 | INFO | Excel exported by panda: Laporan_Tamu_2025-12-07.xlsx
2025-12-07 23:20:57 | INFO | Cleaned up Excel file: backups\Laporan_Tamu_2025-12-07.xlsx
2025-12-07 23:29:54 | INFO | File uploaded successfully: 41bcef76-c4dd-4f0a-8696-d938b97c41b0.png
2025-12-07 23:29:54 | INFO | New visitor registered: Hatsune Miku (NIK: 8888888888888888) by panda
2025-12-07 23:30:24 | INFO | Check-in: Hatsune Miku (NIK: 8888888888888888) at 2025-12-07 23:30:24 WIB
2025-12-07 23:30:28 | INFO | File access: 41bcef76-c4dd-4f0a-8696-d938b97c41b0.png by admin panda
2025-12-07 23:37:23 | INFO | Successful login: panda from 127.0.0.1
2025-12-07 23:38:05 | INFO | Check-out: Hatsune Miku (NIK: 8888888888888888) at 2025-12-07 23:38:05 WIB
2025-12-07 23:39:17 | INFO | Successful login: panda from 127.0.0.1
2025-12-07 23:40:44 | WARNING | Failed login attempt for user 'panda' from 127.0.0.1
2025-12-07 23:40:50 | INFO | Successful login: panda from 127.0.0.1
